0 info it worked if it ends with ok
1 verbose cli [ '/Users/autumnsmith/.nvm/versions/node/v7.2.0/bin/node',
1 verbose cli   '/Users/autumnsmith/.nvm/versions/node/v7.2.0/bin/npm',
1 verbose cli   'run',
1 verbose cli   'blacklist' ]
2 info using npm@3.10.9
3 info using node@v7.2.0
4 verbose stack Error: missing script: blacklist
4 verbose stack     at run (/Users/autumnsmith/.nvm/versions/node/v7.2.0/lib/node_modules/npm/lib/run-script.js:151:19)
4 verbose stack     at /Users/autumnsmith/.nvm/versions/node/v7.2.0/lib/node_modules/npm/lib/run-script.js:61:5
4 verbose stack     at /Users/autumnsmith/.nvm/versions/node/v7.2.0/lib/node_modules/npm/node_modules/read-package-json/read-json.js:356:5
4 verbose stack     at checkBinReferences_ (/Users/autumnsmith/.nvm/versions/node/v7.2.0/lib/node_modules/npm/node_modules/read-package-json/read-json.js:320:45)
4 verbose stack     at final (/Users/autumnsmith/.nvm/versions/node/v7.2.0/lib/node_modules/npm/node_modules/read-package-json/read-json.js:354:3)
4 verbose stack     at then (/Users/autumnsmith/.nvm/versions/node/v7.2.0/lib/node_modules/npm/node_modules/read-package-json/read-json.js:124:5)
4 verbose stack     at ReadFileContext.<anonymous> (/Users/autumnsmith/.nvm/versions/node/v7.2.0/lib/node_modules/npm/node_modules/read-package-json/read-json.js:295:20)
4 verbose stack     at ReadFileContext.callback (/Users/autumnsmith/.nvm/versions/node/v7.2.0/lib/node_modules/npm/node_modules/graceful-fs/graceful-fs.js:78:16)
4 verbose stack     at FSReqWrap.readFileAfterOpen [as oncomplete] (fs.js:335:13)
5 verbose cwd /Users/autumnsmith/newsgate/client
6 error Darwin 16.0.0
7 error argv "/Users/autumnsmith/.nvm/versions/node/v7.2.0/bin/node" "/Users/autumnsmith/.nvm/versions/node/v7.2.0/bin/npm" "run" "blacklist"
8 error node v7.2.0
9 error npm  v3.10.9
10 error missing script: blacklist
11 error If you need help, you may report this error at:
11 error     <https://github.com/npm/npm/issues>
12 verbose exit [ 1, true ]
